
 *******************************************************************************
 *   ___                                                                       *
 *  /   \                                                                      *
 * [ABORT]                                                                     *
 *  \___/                Variable ${PROJECT} not defined in file:              *
 *    |                  inputs/hse06_sp_template.inp  Line:     2             *
 *  O/|                                                                        *
 * /| |                                                                        *
 * / \                                            cp_parser_inpp_methods.F:592 *
 *******************************************************************************


 ===== Routine Calling Stack ===== 

            4 parser_read_line_low
            3 parser_read_line
            2 section_vals_parse
            1 read_input
--------------------------------------------------------------------------
MPI_ABORT was invoked on rank 0 in communicator MPI_COMM_WORLD
  Proc: [[55584,0],0]
  Errorcode: 1

NOTE: invoking MPI_ABORT causes Open MPI to kill all MPI processes.
You may or may not see output from other processes, depending on
exactly when Open MPI kills them.
--------------------------------------------------------------------------
